info it worked if it ends with ok
verbose cli [ 'node', '/usr/bin/npm', 'install', '-g', 'jshint' ]
info using npm@1.1.4
info using node@v0.6.12
verbose config file /home/gus/.npmrc
verbose config file /usr/etc/npmrc
verbose config file /usr/share/npm/npmrc
silly exec /usr/bin/node "/usr/share/npm/bin/npm-get-uid-gid.js" "nobody" 1000
silly spawning [ '/usr/bin/node',
silly spawning   [ '/usr/share/npm/bin/npm-get-uid-gid.js', 'nobody', 1000 ],
silly spawning   null ]
silly output from getuid/gid {"uid":65534,"gid":1000}
silly output from getuid/gid 
verbose cache add [ 'jshint', null ]
silly cache add: name, spec, args [ undefined, 'jshint', [ 'jshint', null ] ]
verbose parsed url { pathname: 'jshint', path: 'jshint', href: 'jshint' }
verbose addNamed [ 'jshint', '' ]
verbose addNamed [ null, '' ]
silly name, range, hasData [ 'jshint', '', false ]
verbose raw, before any munging jshint
verbose url resolving [ 'http://registry.npmjs.org/', './jshint' ]
verbose url resolved http://registry.npmjs.org/jshint
verbose etag "8KJZ1E0HZB7F9MCECPK9X2ACO"
http GET http://registry.npmjs.org/jshint
http 304 http://registry.npmjs.org/jshint
silly get cb [ 304,
silly get cb   { date: 'Sun, 20 Apr 2014 06:29:01 GMT',
silly get cb     via: '1.1 varnish',
silly get cb     'last-modified': 'Sun, 20 Apr 2014 06:29:01 GMT',
silly get cb     'cache-control': 'max-age=1',
silly get cb     etag: '"8KJZ1E0HZB7F9MCECPK9X2ACO"',
silly get cb     connection: 'keep-alive',
silly get cb     'x-served-by': 'cache-lo83-LHR',
silly get cb     'x-cache': 'HIT',
silly get cb     'x-cache-hits': '1',
silly get cb     'x-timer': 'S1397975341.589263439,VS0,VE86',
silly get cb     vary: 'Accept' } ]
verbose etag jshint from cache
silly name, range, hasData 2 [ 'jshint', '', true ]
silly versions [ 'jshint',
silly versions   [ '0.1.8',
silly versions     '0.1.9',
silly versions     '0.2.0',
silly versions     '0.2.1',
silly versions     '0.2.2',
silly versions     '0.2.3',
silly versions     '0.3.0',
silly versions     '0.3.1',
silly versions     '0.4.0',
silly versions     '0.5.0',
silly versions     '0.5.1',
silly versions     '0.5.2',
silly versions     '0.5.3',
silly versions     '0.5.4',
silly versions     '0.5.5',
silly versions     '0.5.6',
silly versions     '0.5.7',
silly versions     '0.5.8',
silly versions     '0.5.9',
silly versions     '0.6.0',
silly versions     '0.6.1',
silly versions     '0.6.2',
silly versions     '0.6.3',
silly versions     '0.7.0',
silly versions     '0.7.1',
silly versions     '0.7.2',
silly versions     '0.7.3',
silly versions     '0.8.0',
silly versions     '0.8.1',
silly versions     '0.8.2',
silly versions     '0.9.0',
silly versions     '0.9.1',
silly versions     '1.0.0',
silly versions     '1.1.0',
silly versions     '2.0.0',
silly versions     '2.0.1',
silly versions     '2.1.0',
silly versions     '2.1.1',
silly versions     '2.1.2',
silly versions     '2.1.3',
silly versions     '2.1.4',
silly versions     '2.1.5',
silly versions     '2.1.6',
silly versions     '2.1.7',
silly versions     '2.1.8',
silly versions     '2.1.9',
silly versions     '2.1.10',
silly versions     '2.1.11',
silly versions     '2.2.0',
silly versions     '2.3.0',
silly versions     '2.4.0',
silly versions     '2.4.1',
silly versions     '2.4.2',
silly versions     '2.4.3',
silly versions     '2.4.4',
silly versions     '2.5.0' ] ]
verbose bin dist [ '0.6-ares1.7.5-evundefined-openssl1.0.1-v83.7.12.22-linux-ia32-3.5.0-36-generic',
verbose bin dist   { shasum: '82fd1a235ffce75fad1b40b2a38bef47beac8c54',
verbose bin dist     tarball: 'http://registry.npmjs.org/jshint/-/jshint-2.5.0.tgz' } ]
verbose caching /home/gus/.npm/jshint/2.5.0/package/package.json
verbose loadDefaults jshint@2.5.0
silly resolved [ { name: 'jshint',
silly resolved     version: '2.5.0',
silly resolved     homepage: 'http://jshint.com/',
silly resolved     description: 'Static analysis tool for JavaScript',
silly resolved     author: 
silly resolved      { name: 'Anton Kovalyov',
silly resolved        email: 'anton@kovalyov.net',
silly resolved        url: 'http://anton.kovalyov.net/' },
silly resolved     repository: { type: 'git', url: 'git://github.com/jshint/jshint.git' },
silly resolved     bugs: { url: 'https://github.com/jshint/jshint/issues' },
silly resolved     bin: { jshint: './bin/jshint' },
silly resolved     scripts: 
silly resolved      { data: 'node scripts/generate-identifier-data',
silly resolved        build: 'node bin/build',
silly resolved        test: 'nodeunit tests tests/regression tests/unit',
silly resolved        pretest: 'jshint src' },
silly resolved     main: './src/jshint.js',
silly resolved     dependencies: 
silly resolved      { shelljs: '0.1.x',
silly resolved        underscore: '1.4.x',
silly resolved        cli: '0.4.x',
silly resolved        minimatch: '0.x.x',
silly resolved        htmlparser2: '3.3.x',
silly resolved        'console-browserify': '0.1.x',
silly resolved        exit: '0.1.x',
silly resolved        'strip-json-comments': '0.1.x' },
silly resolved     devDependencies: 
silly resolved      { jshint: '2.4.x',
silly resolved        shelljs: '0.1.x',
silly resolved        browserify: '3.x',
silly resolved        coveraje: '0.2.x',
silly resolved        nodeunit: '0.8.x',
silly resolved        sinon: '1.7.x',
silly resolved        'unicode-6.3.0': '0.1.x',
silly resolved        regenerate: '0.5.x' },
silly resolved     licenses: 
silly resolved      [ { type: 'MIT',
silly resolved          url: 'https://github.com/jshint/jshint/blob/master/LICENSE' } ],
silly resolved     preferGlobal: true,
silly resolved     files: [ 'bin', 'src', 'data' ],
silly resolved     _id: 'jshint@2.5.0',
silly resolved     optionalDependencies: {},
silly resolved     engines: { node: '*' },
silly resolved     _engineSupported: true,
silly resolved     _npmVersion: '1.1.4',
silly resolved     _nodeVersion: 'v0.6.12',
silly resolved     _defaultsLoaded: true,
silly resolved     _from: 'jshint' } ]
info into /usr/local/lib jshint@2.5.0
info installOne jshint@2.5.0
verbose from cache /home/gus/.npm/jshint/2.5.0/package/package.json
info unbuild /usr/local/lib/node_modules/jshint
verbose mkdir (expected) error ENOENT, no such file or directory '/usr/local/lib/node_modules'
verbose mkdir (expected) error ENOENT, no such file or directory '/usr/local/lib/node_modules/___jshint.npm'
verbose mkdir done: /usr/local/lib/node_modules/___jshint.npm 755
verbose unpack_ uid, gid [ 65534, 1000 ]
verbose unpackTarget /usr/local/lib/node_modules/jshint
silly gunzTarPerm modes [ '755', '644' ]
silly afterUntar ok
silly asyncMap in gTP /usr/local/lib/node_modules/___jshint.npm/package
silly asyncMap in gTP /usr/local/lib/node_modules/___jshint.npm/package/package.json
silly asyncMap in gTP /usr/local/lib/node_modules/___jshint.npm/package/data
silly asyncMap in gTP /usr/local/lib/node_modules/___jshint.npm/package/data/non-ascii-identifier-part-only.js
silly asyncMap in gTP /usr/local/lib/node_modules/___jshint.npm/package/data/ascii-identifier-data.js
silly asyncMap in gTP /usr/local/lib/node_modules/___jshint.npm/package/data/non-ascii-identifier-start.js
silly asyncMap in gTP /usr/local/lib/node_modules/___jshint.npm/package/bin
silly asyncMap in gTP /usr/local/lib/node_modules/___jshint.npm/package/bin/changelog
silly asyncMap in gTP /usr/local/lib/node_modules/___jshint.npm/package/bin/jshint
silly asyncMap in gTP /usr/local/lib/node_modules/___jshint.npm/package/bin/land
silly asyncMap in gTP /usr/local/lib/node_modules/___jshint.npm/package/bin/build
silly asyncMap in gTP /usr/local/lib/node_modules/___jshint.npm/package/bin/apply
silly asyncMap in gTP /usr/local/lib/node_modules/___jshint.npm/package/src
silly asyncMap in gTP /usr/local/lib/node_modules/___jshint.npm/package/src/messages.js
silly asyncMap in gTP /usr/local/lib/node_modules/___jshint.npm/package/src/lex.js
silly asyncMap in gTP /usr/local/lib/node_modules/___jshint.npm/package/src/reg.js
silly asyncMap in gTP /usr/local/lib/node_modules/___jshint.npm/package/src/jshint.js
silly asyncMap in gTP /usr/local/lib/node_modules/___jshint.npm/package/src/state.js
silly asyncMap in gTP /usr/local/lib/node_modules/___jshint.npm/package/src/style.js
silly asyncMap in gTP /usr/local/lib/node_modules/___jshint.npm/package/src/cli.js
silly asyncMap in gTP /usr/local/lib/node_modules/___jshint.npm/package/src/vars.js
silly asyncMap in gTP /usr/local/lib/node_modules/___jshint.npm/package/src/reporters
silly asyncMap in gTP /usr/local/lib/node_modules/___jshint.npm/package/src/reporters/jslint_xml.js
silly asyncMap in gTP /usr/local/lib/node_modules/___jshint.npm/package/src/reporters/default.js
silly asyncMap in gTP /usr/local/lib/node_modules/___jshint.npm/package/src/reporters/checkstyle.js
silly asyncMap in gTP /usr/local/lib/node_modules/___jshint.npm/package/src/reporters/non_error.js
silly asyncMap in gTP /usr/local/lib/node_modules/___jshint.npm/package/src/platforms
silly asyncMap in gTP /usr/local/lib/node_modules/___jshint.npm/package/src/platforms/rhino.js
verbose gunzed /usr/local/lib/node_modules/___jshint.npm/package
verbose rm'ed /usr/local/lib/node_modules/jshint
verbose renamed [ '/usr/local/lib/node_modules/___jshint.npm/package',
verbose renamed   '/usr/local/lib/node_modules/jshint' ]
verbose caching /usr/local/lib/node_modules/jshint/package.json
verbose loadDefaults jshint@2.5.0
info preinstall jshint@2.5.0
verbose from cache /usr/local/lib/node_modules/jshint/package.json
verbose readDependencies: using package.json deps
verbose from cache /usr/local/lib/node_modules/jshint/package.json
verbose readDependencies: using package.json deps
verbose cache add [ 'shelljs@0.1.x', null ]
silly cache add: name, spec, args [ undefined, 'shelljs@0.1.x', [ 'shelljs@0.1.x', null ] ]
verbose parsed url { pathname: 'shelljs@0.1.x',
verbose parsed url   path: 'shelljs@0.1.x',
verbose parsed url   href: 'shelljs@0.1.x' }
silly cache add: name, spec, args [ 'shelljs', '0.1.x', [ 'shelljs', '0.1.x' ] ]
verbose parsed url { pathname: '0.1.x', path: '0.1.x', href: '0.1.x' }
verbose addNamed [ 'shelljs', '0.1.x' ]
verbose addNamed [ null, '>=0.1.0- <0.2.0-' ]
silly name, range, hasData [ 'shelljs', '>=0.1.0- <0.2.0-', false ]
verbose raw, before any munging shelljs
verbose url resolving [ 'http://registry.npmjs.org/', './shelljs' ]
verbose url resolved http://registry.npmjs.org/shelljs
http GET http://registry.npmjs.org/shelljs
verbose cache add [ 'underscore@1.4.x', null ]
silly cache add: name, spec, args [ undefined, 'underscore@1.4.x', [ 'underscore@1.4.x', null ] ]
verbose parsed url { pathname: 'underscore@1.4.x',
verbose parsed url   path: 'underscore@1.4.x',
verbose parsed url   href: 'underscore@1.4.x' }
silly cache add: name, spec, args [ 'underscore', '1.4.x', [ 'underscore', '1.4.x' ] ]
verbose parsed url { pathname: '1.4.x', path: '1.4.x', href: '1.4.x' }
verbose addNamed [ 'underscore', '1.4.x' ]
verbose addNamed [ null, '>=1.4.0- <1.5.0-' ]
silly name, range, hasData [ 'underscore', '>=1.4.0- <1.5.0-', false ]
verbose raw, before any munging underscore
verbose url resolving [ 'http://registry.npmjs.org/', './underscore' ]
verbose url resolved http://registry.npmjs.org/underscore
http GET http://registry.npmjs.org/underscore
verbose cache add [ 'cli@0.4.x', null ]
silly cache add: name, spec, args [ undefined, 'cli@0.4.x', [ 'cli@0.4.x', null ] ]
verbose parsed url { pathname: 'cli@0.4.x', path: 'cli@0.4.x', href: 'cli@0.4.x' }
silly cache add: name, spec, args [ 'cli', '0.4.x', [ 'cli', '0.4.x' ] ]
verbose parsed url { pathname: '0.4.x', path: '0.4.x', href: '0.4.x' }
verbose addNamed [ 'cli', '0.4.x' ]
verbose addNamed [ null, '>=0.4.0- <0.5.0-' ]
silly name, range, hasData [ 'cli', '>=0.4.0- <0.5.0-', false ]
verbose cache add [ 'minimatch@0.x.x', null ]
silly cache add: name, spec, args [ undefined, 'minimatch@0.x.x', [ 'minimatch@0.x.x', null ] ]
verbose parsed url { pathname: 'minimatch@0.x.x',
verbose parsed url   path: 'minimatch@0.x.x',
verbose parsed url   href: 'minimatch@0.x.x' }
silly cache add: name, spec, args [ 'minimatch', '0.x.x', [ 'minimatch', '0.x.x' ] ]
verbose parsed url { pathname: '0.x.x', path: '0.x.x', href: '0.x.x' }
verbose addNamed [ 'minimatch', '0.x.x' ]
verbose addNamed [ null, '>=0.0.0- <1.0.0-' ]
silly name, range, hasData [ 'minimatch', '>=0.0.0- <1.0.0-', false ]
verbose raw, before any munging cli
verbose url resolving [ 'http://registry.npmjs.org/', './cli' ]
verbose url resolved http://registry.npmjs.org/cli
http GET http://registry.npmjs.org/cli
verbose raw, before any munging minimatch
verbose url resolving [ 'http://registry.npmjs.org/', './minimatch' ]
verbose url resolved http://registry.npmjs.org/minimatch
http GET http://registry.npmjs.org/minimatch
verbose cache add [ 'htmlparser2@3.3.x', null ]
silly cache add: name, spec, args [ undefined, 'htmlparser2@3.3.x', [ 'htmlparser2@3.3.x', null ] ]
verbose parsed url { pathname: 'htmlparser2@3.3.x',
verbose parsed url   path: 'htmlparser2@3.3.x',
verbose parsed url   href: 'htmlparser2@3.3.x' }
silly cache add: name, spec, args [ 'htmlparser2', '3.3.x', [ 'htmlparser2', '3.3.x' ] ]
verbose parsed url { pathname: '3.3.x', path: '3.3.x', href: '3.3.x' }
verbose addNamed [ 'htmlparser2', '3.3.x' ]
verbose addNamed [ null, '>=3.3.0- <3.4.0-' ]
silly name, range, hasData [ 'htmlparser2', '>=3.3.0- <3.4.0-', false ]
verbose cache add [ 'console-browserify@0.1.x', null ]
silly cache add: name, spec, args [ undefined,
silly cache add: name, spec, args   'console-browserify@0.1.x',
silly cache add: name, spec, args   [ 'console-browserify@0.1.x', null ] ]
verbose parsed url { pathname: 'console-browserify@0.1.x',
verbose parsed url   path: 'console-browserify@0.1.x',
verbose parsed url   href: 'console-browserify@0.1.x' }
silly cache add: name, spec, args [ 'console-browserify',
silly cache add: name, spec, args   '0.1.x',
silly cache add: name, spec, args   [ 'console-browserify', '0.1.x' ] ]
verbose parsed url { pathname: '0.1.x', path: '0.1.x', href: '0.1.x' }
verbose addNamed [ 'console-browserify', '0.1.x' ]
verbose addNamed [ null, '>=0.1.0- <0.2.0-' ]
silly name, range, hasData [ 'console-browserify', '>=0.1.0- <0.2.0-', false ]
verbose cache add [ 'exit@0.1.x', null ]
silly cache add: name, spec, args [ undefined, 'exit@0.1.x', [ 'exit@0.1.x', null ] ]
verbose parsed url { pathname: 'exit@0.1.x',
verbose parsed url   path: 'exit@0.1.x',
verbose parsed url   href: 'exit@0.1.x' }
silly cache add: name, spec, args [ 'exit', '0.1.x', [ 'exit', '0.1.x' ] ]
verbose parsed url { pathname: '0.1.x', path: '0.1.x', href: '0.1.x' }
verbose addNamed [ 'exit', '0.1.x' ]
verbose addNamed [ null, '>=0.1.0- <0.2.0-' ]
silly name, range, hasData [ 'exit', '>=0.1.0- <0.2.0-', false ]
verbose cache add [ 'strip-json-comments@0.1.x', null ]
silly cache add: name, spec, args [ undefined,
silly cache add: name, spec, args   'strip-json-comments@0.1.x',
silly cache add: name, spec, args   [ 'strip-json-comments@0.1.x', null ] ]
verbose parsed url { pathname: 'strip-json-comments@0.1.x',
verbose parsed url   path: 'strip-json-comments@0.1.x',
verbose parsed url   href: 'strip-json-comments@0.1.x' }
silly cache add: name, spec, args [ 'strip-json-comments',
silly cache add: name, spec, args   '0.1.x',
silly cache add: name, spec, args   [ 'strip-json-comments', '0.1.x' ] ]
verbose parsed url { pathname: '0.1.x', path: '0.1.x', href: '0.1.x' }
verbose addNamed [ 'strip-json-comments', '0.1.x' ]
verbose addNamed [ null, '>=0.1.0- <0.2.0-' ]
silly name, range, hasData [ 'strip-json-comments', '>=0.1.0- <0.2.0-', false ]
verbose raw, before any munging htmlparser2
verbose url resolving [ 'http://registry.npmjs.org/', './htmlparser2' ]
verbose url resolved http://registry.npmjs.org/htmlparser2
http GET http://registry.npmjs.org/htmlparser2
verbose raw, before any munging console-browserify
verbose url resolving [ 'http://registry.npmjs.org/', './console-browserify' ]
verbose url resolved http://registry.npmjs.org/console-browserify
http GET http://registry.npmjs.org/console-browserify
verbose raw, before any munging exit
verbose url resolving [ 'http://registry.npmjs.org/', './exit' ]
verbose url resolved http://registry.npmjs.org/exit
http GET http://registry.npmjs.org/exit
verbose raw, before any munging strip-json-comments
verbose url resolving [ 'http://registry.npmjs.org/', './strip-json-comments' ]
verbose url resolved http://registry.npmjs.org/strip-json-comments
http GET http://registry.npmjs.org/strip-json-comments
http 200 http://registry.npmjs.org/shelljs
silly get cb [ 200,
silly get cb   { server: 'CouchDB/1.5.0 (Erlang OTP/R16B)',
silly get cb     etag: '"78Y5RE7TLAYUQ26MPGEF3YWAT"',
silly get cb     'content-type': 'application/json',
silly get cb     via: '1.1 varnish',
silly get cb     'cache-control': 'max-age=1',
silly get cb     'content-length': '46543',
silly get cb     'accept-ranges': 'bytes',
silly get cb     date: 'Sun, 20 Apr 2014 06:29:02 GMT',
silly get cb     connection: 'keep-alive',
silly get cb     'x-served-by': 'cache-v43-ASH, cache-lo82-LHR',
silly get cb     'x-cache': 'HIT, MISS',
silly get cb     'x-cache-hits': '1, 0',
silly get cb     'x-timer': 'S1397882870.728411674,VS0,VS37,VE132,VE92471403',
silly get cb     vary: 'Accept' } ]
verbose mkdir (expected) error ENOENT, no such file or directory '/home/gus/.npm/shelljs'
verbose mkdir done: /home/gus/.npm/shelljs 755
silly name, range, hasData 2 [ 'shelljs', '>=0.1.0- <0.2.0-', true ]
silly versions [ 'shelljs',
silly versions   [ '0.0.1',
silly versions     '0.0.2',
silly versions     '0.0.3',
silly versions     '0.0.4',
silly versions     '0.0.5',
silly versions     '0.0.6',
silly versions     '0.0.7',
silly versions     '0.0.8',
silly versions     '0.0.9',
silly versions     '0.1.0',
silly versions     '0.1.1',
silly versions     '0.1.2',
silly versions     '0.1.3',
silly versions     '0.1.4',
silly versions     '0.2.0',
silly versions     '0.0.1-alpha1',
silly versions     '0.0.2-pre1',
silly versions     '0.0.4-pre1',
silly versions     '0.0.5-pre1',
silly versions     '0.0.5-pre2',
silly versions     '0.0.5-pre3',
silly versions     '0.0.5-pre4',
silly versions     '0.0.6-pre1',
silly versions     '0.0.6-pre2' ] ]
verbose bin dist [ '0.6-ares1.7.5-evundefined-openssl1.0.1-v83.7.12.22-linux-ia32-3.5.0-36-generic',
verbose bin dist   { shasum: 'dfbbe78d56c3c0168d2fb79e10ecd1dbcb07ec0e',
verbose bin dist     tarball: 'http://registry.npmjs.org/shelljs/-/shelljs-0.1.4.tgz' } ]
http 200 http://registry.npmjs.org/underscore
silly get cb [ 200,
silly get cb   { server: 'CouchDB/1.5.0 (Erlang OTP/R14B04)',
silly get cb     etag: '"A3EC4LZ1777VBEA4QL2HN71W6"',
silly get cb     'content-type': 'application/json',
silly get cb     via: '1.1 varnish',
silly get cb     'cache-control': 'max-age=1',
silly get cb     'content-length': '29859',
silly get cb     'accept-ranges': 'bytes',
silly get cb     date: 'Sun, 20 Apr 2014 06:29:02 GMT',
silly get cb     connection: 'keep-alive',
silly get cb     'x-served-by': 'cache-v42-ASH, cache-lo82-LHR',
silly get cb     'x-cache': 'HIT, MISS',
silly get cb     'x-cache-hits': '1, 0',
silly get cb     'x-timer': 'S1397964914.802538633,VS0,VS116,VE116,VE10427336',
silly get cb     vary: 'Accept' } ]
verbose addRemoteTarball [ 'http://registry.npmjs.org/shelljs/-/shelljs-0.1.4.tgz',
verbose addRemoteTarball   'dfbbe78d56c3c0168d2fb79e10ecd1dbcb07ec0e' ]
verbose mkdir (expected) error ENOENT, no such file or directory '/tmp/npm-1397975342312'
verbose mkdir (expected) error ENOENT, no such file or directory '/home/gus/.npm/underscore'
verbose mkdir (expected) error ENOENT, no such file or directory '/tmp/npm-1397975342312/1397975342312-0.4902808885090053'
verbose mkdir done: /home/gus/.npm/underscore 755
silly name, range, hasData 2 [ 'underscore', '>=1.4.0- <1.5.0-', true ]
silly versions [ 'underscore',
silly versions   [ '1.0.3',
silly versions     '1.0.4',
silly versions     '1.1.0',
silly versions     '1.1.1',
silly versions     '1.1.2',
silly versions     '1.1.3',
silly versions     '1.1.4',
silly versions     '1.1.5',
silly versions     '1.1.6',
silly versions     '1.1.7',
silly versions     '1.2.0',
silly versions     '1.2.1',
silly versions     '1.2.2',
silly versions     '1.2.3',
silly versions     '1.2.4',
silly versions     '1.3.0',
silly versions     '1.3.1',
silly versions     '1.3.2',
silly versions     '1.3.3',
silly versions     '1.4.0',
silly versions     '1.4.1',
silly versions     '1.4.2',
silly versions     '1.4.3',
silly versions     '1.4.4',
silly versions     '1.5.0',
silly versions     '1.5.1',
silly versions     '1.5.2',
silly versions     '1.6.0' ] ]
verbose bin dist [ '0.6-ares1.7.5-evundefined-openssl1.0.1-v83.7.12.22-linux-ia32-3.5.0-36-generic',
verbose bin dist   { shasum: '61a6a32010622afa07963bf325203cf12239d604',
verbose bin dist     tarball: 'http://registry.npmjs.org/underscore/-/underscore-1.4.4.tgz' } ]
verbose addRemoteTarball [ 'http://registry.npmjs.org/underscore/-/underscore-1.4.4.tgz',
verbose addRemoteTarball   '61a6a32010622afa07963bf325203cf12239d604' ]
verbose mkdir done: /tmp/npm-1397975342312/1397975342312-0.4902808885090053 755
verbose fetch to /tmp/npm-1397975342312/1397975342312-0.4902808885090053/tmp.tgz
verbose mkdir (expected) error ENOENT, no such file or directory '/tmp/npm-1397975342312/1397975342321-0.8392583841923624'
http GET http://registry.npmjs.org/shelljs/-/shelljs-0.1.4.tgz
verbose mkdir done: /tmp/npm-1397975342312/1397975342321-0.8392583841923624 755
verbose fetch to /tmp/npm-1397975342312/1397975342321-0.8392583841923624/tmp.tgz
http GET http://registry.npmjs.org/underscore/-/underscore-1.4.4.tgz
http 200 http://registry.npmjs.org/cli
silly get cb [ 200,
silly get cb   { server: 'CouchDB/1.5.0 (Erlang OTP/R14B04)',
silly get cb     etag: '"42E2ZT4BNJGBD6YFTH5HR1VXW"',
silly get cb     'content-type': 'application/json',
silly get cb     via: '1.1 varnish',
silly get cb     'cache-control': 'max-age=1',
silly get cb     'content-length': '89564',
silly get cb     'accept-ranges': 'bytes',
silly get cb     date: 'Sun, 20 Apr 2014 06:29:02 GMT',
silly get cb     age: '3750',
silly get cb     connection: 'keep-alive',
silly get cb     'x-served-by': 'cache-v36-ASH, cache-v36-ASH, cache-lo81-LHR',
silly get cb     'x-cache': 'HIT, HIT, MISS',
silly get cb     'x-cache-hits': '1, 36059, 0',
silly get cb     'x-timer': 'S1397962900.348084211,VS0,VS39,VE39,VE12441782',
silly get cb     vary: 'Accept' } ]
verbose mkdir (expected) error ENOENT, no such file or directory '/home/gus/.npm/cli'
verbose mkdir done: /home/gus/.npm/cli 755
http 200 http://registry.npmjs.org/console-browserify
silly get cb [ 200,
silly get cb   { server: 'CouchDB/1.5.0 (Erlang OTP/R14B04)',
silly get cb     etag: '"DG9RI4KW3W94QRBP14V0KJ551"',
silly get cb     'content-type': 'application/json',
silly get cb     via: '1.1 varnish',
silly get cb     'cache-control': 'max-age=1',
silly get cb     'content-length': '17382',
silly get cb     'accept-ranges': 'bytes',
silly get cb     date: 'Sun, 20 Apr 2014 06:29:02 GMT',
silly get cb     connection: 'keep-alive',
silly get cb     'x-served-by': 'cache-v43-ASH, cache-lo82-LHR',
silly get cb     'x-cache': 'HIT, MISS',
silly get cb     'x-cache-hits': '2, 0',
silly get cb     'x-timer': 'S1397955622.323050261,VS0,VS37,VE38,VE19720040',
silly get cb     vary: 'Accept' } ]
silly name, range, hasData 2 [ 'cli', '>=0.4.0- <0.5.0-', true ]
silly versions [ 'cli',
silly versions   [ '0.1.0',
silly versions     '0.1.1',
silly versions     '0.1.3',
silly versions     '0.1.4',
silly versions     '0.1.5',
silly versions     '0.1.6',
silly versions     '0.1.7',
silly versions     '0.1.8',
silly versions     '0.1.9',
silly versions     '0.2.0',
silly versions     '0.2.1-1',
silly versions     '0.2.2-1',
silly versions     '0.2.3-1',
silly versions     '0.2.3-2',
silly versions     '0.2.3-3',
silly versions     '0.2.3-4',
silly versions     '0.2.3-5',
silly versions     '0.2.4-1',
silly versions     '0.2.4-2',
silly versions     '0.2.5',
silly versions     '0.2.6',
silly versions     '0.2.7',
silly versions     '0.2.8',
silly versions     '0.3.0',
silly versions     '0.3.1',
silly versions     '0.3.2',
silly versions     '0.3.3',
silly versions     '0.3.4',
silly versions     '0.3.5',
silly versions     '0.3.6',
silly versions     '0.3.7',
silly versions     '0.3.8',
silly versions     '0.3.9',
silly versions     '0.4.0',
silly versions     '0.4.1',
silly versions     '0.4.2',
silly versions     '0.4.3',
silly versions     '0.4.4',
silly versions     '0.4.4-1',
silly versions     '0.4.4-2',
silly versions     '0.4.5' ] ]
verbose bin dist [ '0.6-ares1.7.5-evundefined-openssl1.0.1-v83.7.12.22-linux-ia32-3.5.0-36-generic',
verbose bin dist   { shasum: '78f9485cd161b566e9a6c72d7170c4270e81db61',
verbose bin dist     tarball: 'http://registry.npmjs.org/cli/-/cli-0.4.5.tgz' } ]
verbose mkdir (expected) error ENOENT, no such file or directory '/home/gus/.npm/console-browserify'
verbose addRemoteTarball [ 'http://registry.npmjs.org/cli/-/cli-0.4.5.tgz',
verbose addRemoteTarball   '78f9485cd161b566e9a6c72d7170c4270e81db61' ]
verbose mkdir done: /home/gus/.npm/console-browserify 755
verbose mkdir (expected) error ENOENT, no such file or directory '/tmp/npm-1397975342312/1397975342439-0.419758205069229'
verbose mkdir done: /tmp/npm-1397975342312/1397975342439-0.419758205069229 755
silly name, range, hasData 2 [ 'console-browserify', '>=0.1.0- <0.2.0-', true ]
silly versions [ 'console-browserify',
silly versions   [ '0.1.0',
silly versions     '0.1.1',
silly versions     '0.1.2',
silly versions     '0.1.3',
silly versions     '0.1.4',
silly versions     '0.1.5',
silly versions     '0.1.6',
silly versions     '1.0.1',
silly versions     '1.0.2',
silly versions     '1.0.3',
silly versions     '1.1.0' ] ]
verbose bin dist [ '0.6-ares1.7.5-evundefined-openssl1.0.1-v83.7.12.22-linux-ia32-3.5.0-36-generic',
verbose bin dist   { shasum: 'd128a3c0bb88350eb5626c6e7c71a6f0fd48983c',
verbose bin dist     tarball: 'http://registry.npmjs.org/console-browserify/-/console-browserify-0.1.6.tgz' } ]
verbose fetch to /tmp/npm-1397975342312/1397975342439-0.419758205069229/tmp.tgz
verbose addRemoteTarball [ 'http://registry.npmjs.org/console-browserify/-/console-browserify-0.1.6.tgz',
verbose addRemoteTarball   'd128a3c0bb88350eb5626c6e7c71a6f0fd48983c' ]
http GET http://registry.npmjs.org/cli/-/cli-0.4.5.tgz
verbose mkdir (expected) error ENOENT, no such file or directory '/tmp/npm-1397975342312/1397975342443-0.9402907935436815'
verbose mkdir done: /tmp/npm-1397975342312/1397975342443-0.9402907935436815 755
verbose fetch to /tmp/npm-1397975342312/1397975342443-0.9402907935436815/tmp.tgz
http GET http://registry.npmjs.org/console-browserify/-/console-browserify-0.1.6.tgz
http 200 http://registry.npmjs.org/exit
silly get cb [ 200,
silly get cb   { server: 'CouchDB/1.5.0 (Erlang OTP/R14B04)',
silly get cb     etag: '"16SX9OT0ULQZIVA3S0J0P2IV6"',
silly get cb     'content-type': 'application/json',
silly get cb     via: '1.1 varnish',
silly get cb     'cache-control': 'max-age=1',
silly get cb     'content-length': '14901',
silly get cb     'accept-ranges': 'bytes',
silly get cb     date: 'Sun, 20 Apr 2014 06:29:02 GMT',
silly get cb     age: '539',
silly get cb     connection: 'keep-alive',
silly get cb     'x-served-by': 'cache-v36-ASH, cache-lo82-LHR',
silly get cb     'x-cache': 'HIT, HIT',
silly get cb     'x-cache-hits': '1, 1',
silly get cb     'x-timer': 'S1397815240.300398588,VS0,VS40,VE143,VE160102080',
silly get cb     vary: 'Accept' } ]
verbose mkdir (expected) error ENOENT, no such file or directory '/home/gus/.npm/exit'
verbose mkdir done: /home/gus/.npm/exit 755
silly name, range, hasData 2 [ 'exit', '>=0.1.0- <0.2.0-', true ]
silly versions [ 'exit', [] ]
verbose about to build /usr/local/lib/node_modules/jshint
ERR! error installing jshint@2.5.0
info unbuild /usr/local/lib/node_modules/jshint
verbose from cache /usr/local/lib/node_modules/jshint/package.json
info preuninstall jshint@2.5.0
info uninstall jshint@2.5.0
verbose unbuild jshint@2.5.0 [ true,
verbose unbuild jshint@2.5.0   '/usr/local/lib/node_modules',
verbose unbuild jshint@2.5.0   '/usr/local/lib/node_modules' ]
verbose binRoot [ '/usr/local/bin', { jshint: './bin/jshint' } ]
info postuninstall jshint@2.5.0
verbose installOne cb jshint@2.5.0
ERR! Error: No compatible version found: exit@'>=0.1.0- <0.2.0-'
ERR! No valid targets found.
ERR! Perhaps not compatible with your version of node?
ERR!     at installTargetsError (/usr/share/npm/lib/cache.js:488:10)
ERR!     at next_ (/usr/share/npm/lib/cache.js:438:17)
ERR!     at next (/usr/share/npm/lib/cache.js:415:44)
ERR!     at /usr/share/npm/lib/cache.js:408:5
ERR!     at saved (/usr/share/npm/lib/utils/npm-registry-client/get.js:147:7)
ERR!     at Object.oncomplete (/usr/lib/nodejs/graceful-fs.js:230:7)
ERR! You may report this log at:
ERR!     <http://bugs.debian.org/npm>
ERR! or use
ERR!     reportbug --attach /apps/desarrollo/workspace/Gantt-Chart/npm-debug.log npm
ERR! 
ERR! System Linux 3.5.0-36-generic
ERR! command "node" "/usr/bin/npm" "install" "-g" "jshint"
ERR! cwd /apps/desarrollo/workspace/Gantt-Chart
ERR! node -v v0.6.12
ERR! npm -v 1.1.4
ERR! message No compatible version found: exit@'>=0.1.0- <0.2.0-'
ERR! message No valid targets found.
ERR! message Perhaps not compatible with your version of node?
verbose exit [ 1, true ]
